<?xml version="1.0" encoding="UTF-8"?>
<testng-results skipped="0" failed="0" ignored="0" total="2" passed="2">
  <reporter-output>
  </reporter-output>
  <suite name="Suite" duration-ms="79" started-at="2019-05-17T18:20:40Z" finished-at="2019-05-17T18:20:40Z">
    <groups>
    </groups>
    <test name="Test" duration-ms="79" started-at="2019-05-17T18:20:40Z" finished-at="2019-05-17T18:20:40Z">
      <class name="tests.SampleCode">
        <test-method status="PASS" signature="display2()[pri:0, instance:tests.SampleCode@3a82f6ef]" name="display2" duration-ms="19" started-at="2019-05-17T18:20:40Z" finished-at="2019-05-17T18:20:40Z">
          <reporter-output>
          </reporter-output>
        </test-method> <!-- display2 -->
      </class> <!-- tests.SampleCode -->
      <class name="tests.CommandPrompt">
        <test-method status="PASS" signature="display()[pri:0, instance:tests.CommandPrompt@2ef5e5e3]" name="display" duration-ms="4" started-at="2019-05-17T18:20:40Z" finished-at="2019-05-17T18:20:40Z">
          <reporter-output>
          </reporter-output>
        </test-method> <!-- display -->
      </class> <!-- tests.CommandPrompt -->
    </test> <!-- Test -->
  </suite> <!-- Suite -->
</testng-results>
