<?xml version="1.0" encoding="UTF-8"?>
<testng-results skipped="0" failed="0" total="2" passed="2">
  <reporter-output>
  </reporter-output>
  <suite name="Suite" duration-ms="32" started-at="2019-05-17T16:05:20Z" finished-at="2019-05-17T16:05:20Z">
    <groups>
    </groups>
    <test name="Test" duration-ms="32" started-at="2019-05-17T16:05:20Z" finished-at="2019-05-17T16:05:20Z">
      <class name="tests.SampleCode">
        <test-method status="PASS" signature="display2()[pri:0, instance:tests.SampleCode@5679c6c6]" name="display2" duration-ms="12" started-at="2019-05-17T21:35:20Z" finished-at="2019-05-17T21:35:20Z">
          <reporter-output>
          </reporter-output>
        </test-method> <!-- display2 -->
      </class> <!-- tests.SampleCode -->
      <class name="tests.CommandPrompt">
        <test-method status="PASS" signature="display()[pri:0, instance:tests.CommandPrompt@12f40c25]" name="display" duration-ms="2" started-at="2019-05-17T21:35:20Z" finished-at="2019-05-17T21:35:20Z">
          <reporter-output>
          </reporter-output>
        </test-method> <!-- display -->
      </class> <!-- tests.CommandPrompt -->
    </test> <!-- Test -->
  </suite> <!-- Suite -->
</testng-results>
